<?xml version="1.0" encoding="UTF-8"?>
<!-- Generated by org.testng.reporters.JUnitReportReporter -->
<testsuite hostname="ajikumars-MacBook-Pro.local" failures="0" tests="3" name="test.FWTest_ActitimeCreateEditDeleteTypeOfWork" time="31.053" errors="0" timestamp="11 Jan 2021 17:49:41 GMT" skipped="0">
  <testcase classname="test.FWTest_ActitimeCreateEditDeleteTypeOfWork" name="DeleteTOW" time="3.244"/>
  <testcase classname="test.FWTest_ActitimeCreateEditDeleteTypeOfWork" name="CreateTOW" time="10.908"/>
  <testcase classname="test.FWTest_ActitimeCreateEditDeleteTypeOfWork" name="editTOW" time="16.901"/>
</testsuite> <!-- test.FWTest_ActitimeCreateEditDeleteTypeOfWork -->
