<?xml version="1.0" encoding="UTF-8"?>
<!-- Generated by org.testng.reporters.JUnitReportReporter -->
<testsuite hostname="ajikumars-MacBook-Pro.local" failures="0" tests="1" name="test.ActitimeCreateCustomerFWTest" time="9.472" errors="0" timestamp="09 Jan 2021 12:32:56 GMT" skipped="0">
  <testcase classname="test.ActitimeCreateCustomerFWTest" name="customer" time="9.472"/>
</testsuite> <!-- test.ActitimeCreateCustomerFWTest -->
