<?xml version="1.0" encoding="UTF-8"?>
<!-- Generated by org.testng.reporters.JUnitReportReporter -->
<testsuite hostname="ajikumars-MacBook-Pro.local" failures="0" tests="1" name="test.FWTest_ActitimeCreateLeaveType" time="3.502" errors="0" timestamp="10 Jan 2021 20:32:17 GMT" skipped="0">
  <testcase classname="test.FWTest_ActitimeCreateLeaveType" name="CreateLeaveType" time="3.502"/>
</testsuite> <!-- test.FWTest_ActitimeCreateLeaveType -->
