<?xml version="1.0" encoding="UTF-8"?>
<!-- Generated by org.testng.reporters.JUnitReportReporter -->
<testsuite hostname="ajikumars-MacBook-Pro.local" failures="0" tests="1" name="test.FacebookLogin" time="5.871" errors="0" timestamp="08 Jan 2021 19:37:25 GMT" skipped="0">
  <testcase classname="test.FacebookLogin" name="login" time="5.871"/>
</testsuite> <!-- test.FacebookLogin -->
