<?xml version="1.0" encoding="UTF-8"?>
<!-- Generated by org.testng.reporters.JUnitReportReporter -->
<testsuite hostname="ajikumars-MacBook-Pro.local" failures="0" tests="1" name="test.SampleFrameworkTest" time="5.452" errors="0" timestamp="07 Jan 2021 23:47:55 GMT" skipped="0">
  <testcase classname="test.SampleFrameworkTest" name="submit" time="5.452"/>
</testsuite> <!-- test.SampleFrameworkTest -->
