<?xml version="1.0" encoding="UTF-8"?>
<!-- Generated by org.testng.reporters.JUnitReportReporter -->
<testsuite hostname="ajikumars-MacBook-Pro.local" failures="0" tests="1" name="test.ActitimeLoginFrameworkTest" time="4.606" errors="0" timestamp="09 Jan 2021 01:53:32 GMT" skipped="0">
  <testcase classname="test.ActitimeLoginFrameworkTest" name="login" time="4.606"/>
</testsuite> <!-- test.ActitimeLoginFrameworkTest -->
